#
# A fatal error has been detected by the Java Runtime Environment:
#
#  EXCEPTION_ACCESS_VIOLATION (0xc0000005) at pc=0x0000000010014ed4, pid=16788, tid=0x0000000000003a84
#
# JRE version: Java(TM) SE Runtime Environment (8.0_291-b10) (build 1.8.0_291-b10)
# Java VM: Java HotSpot(TM) 64-Bit Server VM (25.291-b10 mixed mode windows-amd64 compressed oops)
# Problematic frame:
# C  [sigar-amd64-winnt.dll+0x14ed4]
#
# Failed to write core dump. Minidumps are not enabled by default on client versions of Windows
#
# If you would like to submit a bug report, please visit:
#   http://bugreport.java.com/bugreport/crash.jsp
# The crash happened outside the Java Virtual Machine in native code.
# See problematic frame for where to report the bug.
#

---------------  T H R E A D  ---------------

Current thread (0x000001e21e2dc000):  JavaThread "http-nio-8080-exec-1" daemon [_thread_in_native, id=14980, stack(0x000000a443c00000,0x000000a443d00000)]

siginfo: ExceptionCode=0xc0000005, reading address 0x000000001fcb0ed8

Registers:
RAX=0x000000001fcb0da0, RBX=0x000001e21fa09d40, RCX=0x000001e21e2dc200, RDX=0x000000a443cfca68
RSP=0x000000a443cfc8e0, RBP=0x000000a443cfca48, RSI=0x0000000040200021, RDI=0x000001e2066d837d
R8 =0x0000000000000032, R9 =0x00000000dafc3ea0, R10=0x0000000000000038, R11=0x0000000058289a4c
R12=0x0000000000000000, R13=0x000001e21fa09d38, R14=0x000000a443cfca68, R15=0x000001e21e2dc000
RIP=0x0000000010014ed4, EFLAGS=0x0000000000010206

Top of Stack: (sp=0x000000a443cfc8e0)
0x000000a443cfc8e0:   000001e21e2dc200 000000a443cfca68
0x000000a443cfc8f0:   000001e21e2dc000 000001e21fa09d38
0x000000a443cfc900:   000000001fcb0da0 000000a443cfca68
0x000000a443cfc910:   000000a443cfca48 0000000010022078
0x000000a443cfc920:   000001e21e2dc200 000000a443cfca68
0x000000a443cfc930:   0000000040200021 000001e2066d837d
0x000000a443cfc940:   000000a443cfca48 0000000057b72dcb
0x000000a443cfc950:   000001e21e308340 0000000000000000
0x000000a443cfc960:   000001e21fa09d40 000001e21d00cc80
0x000000a443cfc970:   000001e21fa09d40 000001e21e2dc000
0x000000a443cfc980:   000001e21fa09d40 000001e21e2dc000
0x000000a443cfc990:   000001e2066d837d 0000000040200021
0x000000a443cfc9a0:   000001e21fa09d40 000001e2066e9766
0x000000a443cfc9b0:   000001e21fa09d00 000001e21fa09d40
0x000000a443cfc9c0:   000001e21fa09d40 000001e21fa09d40
0x000000a443cfc9d0:   000001e2066d837d 000001e2066e990e 

Instructions: (pc=0x0000000010014ed4)
0x0000000010014eb4:   7c 24 20 00 75 15 48 8d 15 df 58 04 00 48 8b 4c
0x0000000010014ec4:   24 40 e8 45 00 00 00 33 c0 eb 32 48 8b 44 24 20
0x0000000010014ed4:   83 b8 38 01 00 00 00 74 1f 48 8b 44 24 20 44 8b
0x0000000010014ee4:   80 38 01 00 00 48 8b 54 24 20 48 8b 4c 24 40 e8 


Register to memory mapping:

RAX=0x000000001fcb0da0 is an unknown value
RBX={method} {0x000001e21fa09d48} 'getCpuInfoList' '()[Lorg/hyperic/sigar/CpuInfo;' in 'org/hyperic/sigar/Sigar'
RCX=0x000001e21e2dc200 is an unknown value
RDX=0x000000a443cfca68 is pointing into the stack for thread: 0x000001e21e2dc000
RSP=0x000000a443cfc8e0 is pointing into the stack for thread: 0x000001e21e2dc000
RBP=0x000000a443cfca48 is pointing into the stack for thread: 0x000001e21e2dc000
RSI=0x0000000040200021 is an unknown value
RDI=0x000001e2066d837d is at code_begin+2301 in an Interpreter codelet
invoke return entry points  [0x000001e2066d7a80, 0x000001e2066d8460]  2528 bytes
R8 =0x0000000000000032 is an unknown value
R9 =0x00000000dafc3ea0 is an oop
org.hyperic.sigar.Sigar 
 - klass: 'org/hyperic/sigar/Sigar'
R10=0x0000000000000038 is an unknown value
R11=0x0000000058289a4c is an unknown value
R12=0x0000000000000000 is an unknown value
R13=0x000001e21fa09d38 is pointing into metadata
R14=0x000000a443cfca68 is pointing into the stack for thread: 0x000001e21e2dc000
R15=0x000001e21e2dc000 is a thread


Stack: [0x000000a443c00000,0x000000a443d00000],  sp=0x000000a443cfc8e0,  free space=1010k
Native frames: (J=compiled Java code, j=interpreted, Vv=VM code, C=native code)
C  [sigar-amd64-winnt.dll+0x14ed4]
C  [sigar-amd64-winnt.dll+0x22078]
C  0x000001e2066e990e

Java frames: (J=compiled Java code, j=interpreted, Vv=VM code)
j  org.hyperic.sigar.Sigar.getCpuInfoList()[Lorg/hyperic/sigar/CpuInfo;+0
j  com.managment.system.Util.MyUtil.cpu()D+9
j  com.managment.system.Service.MyServiceImpl.getCPUInfo()D+0
j  com.managment.system.Controller.MyController.getCPUInfo()Ljava/util/Map;+33
v  ~StubRoutines::call_stub
J 1647  sun.reflect.NativeMethodAccessorImpl.invoke0(Ljava/lang/reflect/Method;Ljava/lang/Object;[Ljava/lang/Object;)Ljava/lang/Object; (0 bytes) @ 0x000001e206a580bf [0x000001e206a58040+0x7f]
J 1646 C1 sun.reflect.NativeMethodAccessorImpl.invoke(Ljava/lang/Object;[Ljava/lang/Object;)Ljava/lang/Object; (104 bytes) @ 0x000001e206a5885c [0x000001e206a584e0+0x37c]
J 1698 C1 sun.reflect.DelegatingMethodAccessorImpl.invoke(Ljava/lang/Object;[Ljava/lang/Object;)Ljava/lang/Object; (10 bytes) @ 0x000001e206a75824 [0x000001e206a757e0+0x44]
J 1535 C1 java.lang.reflect.Method.invoke(Ljava/lang/Object;[Ljava/lang/Object;)Ljava/lang/Object; (62 bytes) @ 0x000001e206a34b94 [0x000001e206a34aa0+0xf4]
j  org.springframework.web.method.support.InvocableHandlerMethod.doInvoke([Ljava/lang/Object;)Ljava/lang/Object;+16
j  org.springframework.web.method.support.InvocableHandlerMethod.invokeForRequest(Lorg/springframework/web/context/request/NativeWebRequest;Lorg/springframework/web/method/support/ModelAndViewContainer;[Ljava/lang/Object;)Ljava/lang/Object;+56
j  org.springframework.web.servlet.mvc.method.annotation.ServletInvocableHandlerMethod.invokeAndHandle(Lorg/springframework/web/context/request/ServletWebRequest;Lorg/springframework/web/method/support/ModelAndViewContainer;[Ljava/lang/Object;)V+4
j  org.springframework.web.servlet.mvc.method.annotation.RequestMappingHandlerAdapter.invokeHandlerMethod(Ljavax/servlet/http/HttpServletRequest;Ljavax/servlet/http/HttpServletResponse;Lorg/springframework/web/method/HandlerMethod;)Lorg/springframework/web/servlet/ModelAndView;+244
j  org.springframework.web.servlet.mvc.method.annotation.RequestMappingHandlerAdapter.handleInternal(Ljavax/servlet/http/HttpServletRequest;Ljavax/servlet/http/HttpServletResponse;Lorg/springframework/web/method/HandlerMethod;)Lorg/springframework/web/servlet/ModelAndView;+81
j  org.springframework.web.servlet.mvc.method.AbstractHandlerMethodAdapter.handle(Ljavax/servlet/http/HttpServletRequest;Ljavax/servlet/http/HttpServletResponse;Ljava/lang/Object;)Lorg/springframework/web/servlet/ModelAndView;+7
j  org.springframework.web.servlet.DispatcherServlet.doDispatch(Ljavax/servlet/http/HttpServletRequest;Ljavax/servlet/http/HttpServletResponse;)V+257
j  org.springframework.web.servlet.DispatcherServlet.doService(Ljavax/servlet/http/HttpServletRequest;Ljavax/servlet/http/HttpServletResponse;)V+212
j  org.springframework.web.servlet.FrameworkServlet.processRequest(Ljavax/servlet/http/HttpServletRequest;Ljavax/servlet/http/HttpServletResponse;)V+71
j  org.springframework.web.servlet.FrameworkServlet.doPost(Ljavax/servlet/http/HttpServletRequest;Ljavax/servlet/http/HttpServletResponse;)V+3
j  javax.servlet.http.HttpServlet.service(Ljavax/servlet/http/HttpServletRequest;Ljavax/servlet/http/HttpServletResponse;)V+149
j  org.springframework.web.servlet.FrameworkServlet.service(Ljavax/servlet/http/HttpServletRequest;Ljavax/servlet/http/HttpServletResponse;)V+33
j  javax.servlet.http.HttpServlet.service(Ljavax/servlet/ServletRequest;Ljavax/servlet/ServletResponse;)V+36
j  org.apache.catalina.core.ApplicationFilterChain.internalDoFilter(Ljavax/servlet/ServletRequest;Ljavax/servlet/ServletResponse;)V+304
j  org.apache.catalina.core.ApplicationFilterChain.doFilter(Ljavax/servlet/ServletRequest;Ljavax/servlet/ServletResponse;)V+101
j  org.apache.tomcat.websocket.server.WsFilter.doFilter(Ljavax/servlet/ServletRequest;Ljavax/servlet/ServletResponse;Ljavax/servlet/FilterChain;)V+21
j  org.apache.catalina.core.ApplicationFilterChain.internalDoFilter(Ljavax/servlet/ServletRequest;Ljavax/servlet/ServletResponse;)V+135
j  org.apache.catalina.core.ApplicationFilterChain.doFilter(Ljavax/servlet/ServletRequest;Ljavax/servlet/ServletResponse;)V+101
j  org.springframework.web.filter.RequestContextFilter.doFilterInternal(Ljavax/servlet/http/HttpServletRequest;Ljavax/servlet/http/HttpServletResponse;Ljavax/servlet/FilterChain;)V+21
j  org.springframework.web.filter.OncePerRequestFilter.doFilter(Ljavax/servlet/ServletRequest;Ljavax/servlet/ServletResponse;Ljavax/servlet/FilterChain;)V+147
j  org.apache.catalina.core.ApplicationFilterChain.internalDoFilter(Ljavax/servlet/ServletRequest;Ljavax/servlet/ServletResponse;)V+135
j  org.apache.catalina.core.ApplicationFilterChain.doFilter(Ljavax/servlet/ServletRequest;Ljavax/servlet/ServletResponse;)V+101
j  org.springframework.web.filter.FormContentFilter.doFilterInternal(Ljavax/servlet/http/HttpServletRequest;Ljavax/servlet/http/HttpServletResponse;Ljavax/servlet/FilterChain;)V+38
j  org.springframework.web.filter.OncePerRequestFilter.doFilter(Ljavax/servlet/ServletRequest;Ljavax/servlet/ServletResponse;Ljavax/servlet/FilterChain;)V+147
j  org.apache.catalina.core.ApplicationFilterChain.internalDoFilter(Ljavax/servlet/ServletRequest;Ljavax/servlet/ServletResponse;)V+135
j  org.apache.catalina.core.ApplicationFilterChain.doFilter(Ljavax/servlet/ServletRequest;Ljavax/servlet/ServletResponse;)V+101
j  org.springframework.web.filter.CharacterEncodingFilter.doFilterInternal(Ljavax/servlet/http/HttpServletRequest;Ljavax/servlet/http/HttpServletResponse;Ljavax/servlet/FilterChain;)V+53
j  org.springframework.web.filter.OncePerRequestFilter.doFilter(Ljavax/servlet/ServletRequest;Ljavax/servlet/ServletResponse;Ljavax/servlet/FilterChain;)V+147
j  org.apache.catalina.core.ApplicationFilterChain.internalDoFilter(Ljavax/servlet/ServletRequest;Ljavax/servlet/ServletResponse;)V+135
j  org.apache.catalina.core.ApplicationFilterChain.doFilter(Ljavax/servlet/ServletRequest;Ljavax/servlet/ServletResponse;)V+101
j  org.apache.catalina.core.StandardWrapperValve.invoke(Lorg/apache/catalina/connector/Request;Lorg/apache/catalina/connector/Response;)V+694
j  org.apache.catalina.core.StandardContextValve.invoke(Lorg/apache/catalina/connector/Request;Lorg/apache/catalina/connector/Response;)V+169
j  org.apache.catalina.authenticator.AuthenticatorBase.invoke(Lorg/apache/catalina/connector/Request;Lorg/apache/catalina/connector/Response;)V+260
j  org.apache.catalina.core.StandardHostValve.invoke(Lorg/apache/catalina/connector/Request;Lorg/apache/catalina/connector/Response;)V+128
j  org.apache.catalina.valves.ErrorReportValve.invoke(Lorg/apache/catalina/connector/Request;Lorg/apache/catalina/connector/Response;)V+6
j  org.apache.catalina.core.StandardEngineValve.invoke(Lorg/apache/catalina/connector/Request;Lorg/apache/catalina/connector/Response;)V+59
j  org.apache.catalina.connector.CoyoteAdapter.service(Lorg/apache/coyote/Request;Lorg/apache/coyote/Response;)V+199
j  org.apache.coyote.http11.Http11Processor.service(Lorg/apache/tomcat/util/net/SocketWrapperBase;)Lorg/apache/tomcat/util/net/AbstractEndpoint$Handler$SocketState;+737
j  org.apache.coyote.AbstractProcessorLight.process(Lorg/apache/tomcat/util/net/SocketWrapperBase;Lorg/apache/tomcat/util/net/SocketEvent;)Lorg/apache/tomcat/util/net/AbstractEndpoint$Handler$SocketState;+170
j  org.apache.coyote.AbstractProtocol$ConnectionHandler.process(Lorg/apache/tomcat/util/net/SocketWrapperBase;Lorg/apache/tomcat/util/net/SocketEvent;)Lorg/apache/tomcat/util/net/AbstractEndpoint$Handler$SocketState;+505
j  org.apache.tomcat.util.net.NioEndpoint$SocketProcessor.doRun()V+216
j  org.apache.tomcat.util.net.SocketProcessorBase.run()V+21
j  java.util.concurrent.ThreadPoolExecutor.runWorker(Ljava/util/concurrent/ThreadPoolExecutor$Worker;)V+95
j  java.util.concurrent.ThreadPoolExecutor$Worker.run()V+5
j  org.apache.tomcat.util.threads.TaskThread$WrappingRunnable.run()V+4
j  java.lang.Thread.run()V+11
v  ~StubRoutines::call_stub

---------------  P R O C E S S  ---------------

Java Threads: ( => current thread )
  0x000001e21e2f5800 JavaThread "DestroyJavaVM" [_thread_blocked, id=7332, stack(0x000000a441f00000,0x000000a442000000)]
  0x000001e21e2f3800 JavaThread "http-nio-8080-Acceptor" daemon [_thread_in_native, id=13000, stack(0x000000a444700000,0x000000a444800000)]
  0x000001e21e2f8000 JavaThread "http-nio-8080-ClientPoller" daemon [_thread_in_native, id=16968, stack(0x000000a444600000,0x000000a444700000)]
  0x000001e21e2f4000 JavaThread "http-nio-8080-exec-10" daemon [_thread_blocked, id=8880, stack(0x000000a444500000,0x000000a444600000)]
  0x000001e21e2f5000 JavaThread "http-nio-8080-exec-9" daemon [_thread_blocked, id=11504, stack(0x000000a444400000,0x000000a444500000)]
  0x000001e21c641800 JavaThread "http-nio-8080-exec-8" daemon [_thread_blocked, id=6808, stack(0x000000a444300000,0x000000a444400000)]
  0x000001e21c640000 JavaThread "http-nio-8080-exec-7" daemon [_thread_blocked, id=15712, stack(0x000000a444200000,0x000000a444300000)]
  0x000001e21c642800 JavaThread "http-nio-8080-exec-6" daemon [_thread_blocked, id=13904, stack(0x000000a444100000,0x000000a444200000)]
  0x000001e21c641000 JavaThread "http-nio-8080-exec-5" daemon [_thread_blocked, id=10084, stack(0x000000a444000000,0x000000a444100000)]
  0x000001e21c63f800 JavaThread "http-nio-8080-exec-4" daemon [_thread_blocked, id=13532, stack(0x000000a443f00000,0x000000a444000000)]
  0x000001e21c644800 JavaThread "http-nio-8080-exec-3" daemon [_thread_blocked, id=4892, stack(0x000000a443e00000,0x000000a443f00000)]
  0x000001e21e2e1000 JavaThread "http-nio-8080-exec-2" daemon [_thread_in_native, id=15680, stack(0x000000a443d00000,0x000000a443e00000)]
=>0x000001e21e2dc000 JavaThread "http-nio-8080-exec-1" daemon [_thread_in_native, id=14980, stack(0x000000a443c00000,0x000000a443d00000)]
  0x000001e21e2db000 JavaThread "http-nio-8080-BlockPoller" daemon [_thread_in_native, id=1332, stack(0x000000a443b00000,0x000000a443c00000)]
  0x000001e21e122000 JavaThread "mysql-cj-abandoned-connection-cleanup" daemon [_thread_blocked, id=15764, stack(0x000000a443a00000,0x000000a443b00000)]
  0x000001e21e0f2000 JavaThread "container-0" [_thread_blocked, id=17060, stack(0x000000a443900000,0x000000a443a00000)]
  0x000001e21e0cc000 JavaThread "Catalina-utility-2" [_thread_blocked, id=14860, stack(0x000000a443800000,0x000000a443900000)]
  0x000001e21e0c9000 JavaThread "Catalina-utility-1" [_thread_blocked, id=1112, stack(0x000000a443700000,0x000000a443800000)]
  0x000001e21dc03800 JavaThread "RMI Scheduler(0)" daemon [_thread_blocked, id=13348, stack(0x000000a443600000,0x000000a443700000)]
  0x000001e21d2e1800 JavaThread "RMI TCP Connection(1)-192.168.79.1" daemon [_thread_in_native, id=17176, stack(0x000000a443500000,0x000000a443600000)]
  0x000001e21cc81000 JavaThread "RMI TCP Accept-0" daemon [_thread_in_native, id=3956, stack(0x000000a443300000,0x000000a443400000)]
  0x000001e21c679800 JavaThread "Service Thread" daemon [_thread_blocked, id=13452, stack(0x000000a443200000,0x000000a443300000)]
  0x000001e21c644000 JavaThread "C1 CompilerThread3" daemon [_thread_blocked, id=2648, stack(0x000000a443100000,0x000000a443200000)]
  0x000001e21c645800 JavaThread "C2 CompilerThread2" daemon [_thread_blocked, id=7860, stack(0x000000a443000000,0x000000a443100000)]
  0x000001e21c63e000 JavaThread "C2 CompilerThread1" daemon [_thread_blocked, id=2760, stack(0x000000a442f00000,0x000000a443000000)]
  0x000001e21c63c000 JavaThread "C2 CompilerThread0" daemon [_thread_blocked, id=16348, stack(0x000000a442e00000,0x000000a442f00000)]
  0x000001e21c5ed800 JavaThread "Monitor Ctrl-Break" daemon [_thread_in_native, id=16780, stack(0x000000a442d00000,0x000000a442e00000)]
  0x000001e21a645800 JavaThread "Attach Listener" daemon [_thread_blocked, id=16556, stack(0x000000a442c00000,0x000000a442d00000)]
  0x000001e21a645000 JavaThread "Signal Dispatcher" daemon [_thread_blocked, id=4852, stack(0x000000a442b00000,0x000000a442c00000)]
  0x000001e21a618000 JavaThread "Finalizer" daemon [_thread_blocked, id=6184, stack(0x000000a442a00000,0x000000a442b00000)]
  0x000001e21a610800 JavaThread "Reference Handler" daemon [_thread_blocked, id=17236, stack(0x000000a442900000,0x000000a442a00000)]

Other Threads:
  0x000001e21a5e4800 VMThread [stack: 0x000000a442800000,0x000000a442900000] [id=5212]
  0x000001e21cc8e800 WatcherThread [stack: 0x000000a443400000,0x000000a443500000] [id=11072]

VM state:not at safepoint (normal execution)

VM Mutex/Monitor currently owned by a thread: None

heap address: 0x0000000090e00000, size: 1778 MB, Compressed Oops mode: 32-bit
Narrow klass base: 0x0000000000000000, Narrow klass shift: 3
Compressed class space size: 1073741824 Address: 0x0000000100000000

Heap:
 PSYoungGen      total 121856K, used 11856K [0x00000000daf80000, 0x00000000e6100000, 0x0000000100000000)
  eden space 113152K, 2% used [0x00000000daf80000,0x00000000db297210,0x00000000e1e00000)
  from space 8704K, 99% used [0x00000000e1e00000,0x00000000e267d080,0x00000000e2680000)
  to   space 12800K, 0% used [0x00000000e5480000,0x00000000e5480000,0x00000000e6100000)
 ParOldGen       total 49152K, used 13636K [0x0000000090e00000, 0x0000000093e00000, 0x00000000daf80000)
  object space 49152K, 27% used [0x0000000090e00000,0x0000000091b51138,0x0000000093e00000)
 Metaspace       used 32869K, capacity 34896K, committed 35072K, reserved 1079296K
  class space    used 4379K, capacity 4750K, committed 4864K, reserved 1048576K

Card table byte_map: [0x000001e215a90000,0x000001e215e10000] byte_map_base: 0x000001e215609000

Marking Bits: (ParMarkBitMap*) 0x0000000058297fe0
 Begin Bits: [0x000001e216070000, 0x000001e217c38000)
 End Bits:   [0x000001e217c38000, 0x000001e219800000)

Polling page: 0x000001e204ee0000

CodeCache: size=245760Kb used=6199Kb max_used=6199Kb free=239560Kb
 bounds [0x000001e2066d0000, 0x000001e206ce0000, 0x000001e2156d0000]
 total_blobs=3560 nmethods=3108 adapters=365
 compilation: enabled

Compilation events (10 events):
Event: 3.184 Thread 0x000001e21c644000 3104       1       java.util.regex.Pattern$Branch::match (66 bytes)
Event: 3.184 Thread 0x000001e21c644000 nmethod 3104 0x000001e206cdbc50 code [0x000001e206cdbdc0, 0x000001e206cdc020]
Event: 3.186 Thread 0x000001e21c644000 3105       1       java.util.LinkedHashSet::<init> (27 bytes)
Event: 3.186 Thread 0x000001e21c644000 nmethod 3105 0x000001e206cdc190 code [0x000001e206cdc320, 0x000001e206cdc550]
Event: 3.186 Thread 0x000001e21c644000 3106       1       org.springframework.util.ObjectUtils::arrayEquals (290 bytes)
Event: 3.186 Thread 0x000001e21c644000 nmethod 3106 0x000001e206cdc690 code [0x000001e206cdc8c0, 0x000001e206cdd390]
Event: 3.187 Thread 0x000001e21c644000 3107       1       java.lang.invoke.DirectMethodHandle$Special::isInvokeSpecial (2 bytes)
Event: 3.187 Thread 0x000001e21c644000 nmethod 3107 0x000001e206cdd6d0 code [0x000001e206cdd820, 0x000001e206cdd938]
Event: 3.188 Thread 0x000001e21c644000 3108       1       java.util.concurrent.ConcurrentHashMap::<init> (44 bytes)
Event: 3.188 Thread 0x000001e21c644000 nmethod 3108 0x000001e206cdd990 code [0x000001e206cddb00, 0x000001e206cddd00]

GC Heap History (10 events):
Event: 1.864 GC heap before
{Heap before GC invocations=4 (full 0):
 PSYoungGen      total 33280K, used 33272K [0x00000000daf80000, 0x00000000df080000, 0x0000000100000000)
  eden space 28672K, 100% used [0x00000000daf80000,0x00000000dcb80000,0x00000000dcb80000)
  from space 4608K, 99% used [0x00000000dcb80000,0x00000000dcffe030,0x00000000dd000000)
  to   space 4608K, 0% used [0x00000000dec00000,0x00000000dec00000,0x00000000df080000)
 ParOldGen       total 76800K, used 4130K [0x0000000090e00000, 0x0000000095900000, 0x00000000daf80000)
  object space 76800K, 5% used [0x0000000090e00000,0x00000000912088b8,0x0000000095900000)
 Metaspace       used 19278K, capacity 20146K, committed 20480K, reserved 1067008K
  class space    used 2515K, capacity 2715K, committed 2816K, reserved 1048576K
Event: 1.870 GC heap after
Heap after GC invocations=4 (full 0):
 PSYoungGen      total 61952K, used 4605K [0x00000000daf80000, 0x00000000df080000, 0x0000000100000000)
  eden space 57344K, 0% used [0x00000000daf80000,0x00000000daf80000,0x00000000de780000)
  from space 4608K, 99% used [0x00000000dec00000,0x00000000df07f6d8,0x00000000df080000)
  to   space 4608K, 0% used [0x00000000de780000,0x00000000de780000,0x00000000dec00000)
 ParOldGen       total 76800K, used 7386K [0x0000000090e00000, 0x0000000095900000, 0x00000000daf80000)
  object space 76800K, 9% used [0x0000000090e00000,0x0000000091536948,0x0000000095900000)
 Metaspace       used 19278K, capacity 20146K, committed 20480K, reserved 1067008K
  class space    used 2515K, capacity 2715K, committed 2816K, reserved 1048576K
}
Event: 2.011 GC heap before
{Heap before GC invocations=5 (full 0):
 PSYoungGen      total 61952K, used 19875K [0x00000000daf80000, 0x00000000df080000, 0x0000000100000000)
  eden space 57344K, 26% used [0x00000000daf80000,0x00000000dbe69628,0x00000000de780000)
  from space 4608K, 99% used [0x00000000dec00000,0x00000000df07f6d8,0x00000000df080000)
  to   space 4608K, 0% used [0x00000000de780000,0x00000000de780000,0x00000000dec00000)
 ParOldGen       total 76800K, used 7386K [0x0000000090e00000, 0x0000000095900000, 0x00000000daf80000)
  object space 76800K, 9% used [0x0000000090e00000,0x0000000091536948,0x0000000095900000)
 Metaspace       used 20295K, capacity 21236K, committed 21296K, reserved 1067008K
  class space    used 2661K, capacity 2904K, committed 2944K, reserved 1048576K
Event: 2.016 GC heap after
Heap after GC invocations=5 (full 0):
 PSYoungGen      total 61952K, used 4589K [0x00000000daf80000, 0x00000000e3180000, 0x0000000100000000)
  eden space 57344K, 0% used [0x00000000daf80000,0x00000000daf80000,0x00000000de780000)
  from space 4608K, 99% used [0x00000000de780000,0x00000000debfb6e8,0x00000000dec00000)
  to   space 9216K, 0% used [0x00000000e2880000,0x00000000e2880000,0x00000000e3180000)
 ParOldGen       total 76800K, used 8604K [0x0000000090e00000, 0x0000000095900000, 0x00000000daf80000)
  object space 76800K, 11% used [0x0000000090e00000,0x0000000091667020,0x0000000095900000)
 Metaspace       used 20295K, capacity 21236K, committed 21296K, reserved 1067008K
  class space    used 2661K, capacity 2904K, committed 2944K, reserved 1048576K
}
Event: 2.016 GC heap before
{Heap before GC invocations=6 (full 1):
 PSYoungGen      total 61952K, used 4589K [0x00000000daf80000, 0x00000000e3180000, 0x0000000100000000)
  eden space 57344K, 0% used [0x00000000daf80000,0x00000000daf80000,0x00000000de780000)
  from space 4608K, 99% used [0x00000000de780000,0x00000000debfb6e8,0x00000000dec00000)
  to   space 9216K, 0% used [0x00000000e2880000,0x00000000e2880000,0x00000000e3180000)
 ParOldGen       total 76800K, used 8604K [0x0000000090e00000, 0x0000000095900000, 0x00000000daf80000)
  object space 76800K, 11% used [0x0000000090e00000,0x0000000091667020,0x0000000095900000)
 Metaspace       used 20295K, capacity 21236K, committed 21296K, reserved 1067008K
  class space    used 2661K, capacity 2904K, committed 2944K, reserved 1048576K
Event: 2.039 GC heap after
Heap after GC invocations=6 (full 1):
 PSYoungGen      total 61952K, used 0K [0x00000000daf80000, 0x00000000e3180000, 0x0000000100000000)
  eden space 57344K, 0% used [0x00000000daf80000,0x00000000daf80000,0x00000000de780000)
  from space 4608K, 0% used [0x00000000de780000,0x00000000de780000,0x00000000dec00000)
  to   space 9216K, 0% used [0x00000000e2880000,0x00000000e2880000,0x00000000e3180000)
 ParOldGen       total 49152K, used 7142K [0x0000000090e00000, 0x0000000093e00000, 0x00000000daf80000)
  object space 49152K, 14% used [0x0000000090e00000,0x00000000914f9800,0x0000000093e00000)
 Metaspace       used 20295K, capacity 21236K, committed 21296K, reserved 1067008K
  class space    used 2661K, capacity 2904K, committed 2944K, reserved 1048576K
}
Event: 2.512 GC heap before
{Heap before GC invocations=7 (full 1):
 PSYoungGen      total 61952K, used 57344K [0x00000000daf80000, 0x00000000e3180000, 0x0000000100000000)
  eden space 57344K, 100% used [0x00000000daf80000,0x00000000de780000,0x00000000de780000)
  from space 4608K, 0% used [0x00000000de780000,0x00000000de780000,0x00000000dec00000)
  to   space 9216K, 0% used [0x00000000e2880000,0x00000000e2880000,0x00000000e3180000)
 ParOldGen       total 49152K, used 7142K [0x0000000090e00000, 0x0000000093e00000, 0x00000000daf80000)
  object space 49152K, 14% used [0x0000000090e00000,0x00000000914f9800,0x0000000093e00000)
 Metaspace       used 24794K, capacity 26272K, committed 26496K, reserved 1073152K
  class space    used 3294K, capacity 3596K, committed 3712K, reserved 1048576K
Event: 2.517 GC heap after
Heap after GC invocations=7 (full 1):
 PSYoungGen      total 101888K, used 6517K [0x00000000daf80000, 0x00000000e2f00000, 0x0000000100000000)
  eden space 95232K, 0% used [0x00000000daf80000,0x00000000daf80000,0x00000000e0c80000)
  from space 6656K, 97% used [0x00000000e2880000,0x00000000e2edd7c0,0x00000000e2f00000)
  to   space 8704K, 0% used [0x00000000e1e00000,0x00000000e1e00000,0x00000000e2680000)
 ParOldGen       total 49152K, used 7150K [0x0000000090e00000, 0x0000000093e00000, 0x00000000daf80000)
  object space 49152K, 14% used [0x0000000090e00000,0x00000000914fb800,0x0000000093e00000)
 Metaspace       used 24794K, capacity 26272K, committed 26496K, reserved 1073152K
  class space    used 3294K, capacity 3596K, committed 3712K, reserved 1048576K
}
Event: 3.189 GC heap before
{Heap before GC invocations=8 (full 1):
 PSYoungGen      total 101888K, used 101749K [0x00000000daf80000, 0x00000000e2f00000, 0x0000000100000000)
  eden space 95232K, 100% used [0x00000000daf80000,0x00000000e0c80000,0x00000000e0c80000)
  from space 6656K, 97% used [0x00000000e2880000,0x00000000e2edd7c0,0x00000000e2f00000)
  to   space 8704K, 0% used [0x00000000e1e00000,0x00000000e1e00000,0x00000000e2680000)
 ParOldGen       total 49152K, used 7150K [0x0000000090e00000, 0x0000000093e00000, 0x00000000daf80000)
  object space 49152K, 14% used [0x0000000090e00000,0x00000000914fb800,0x0000000093e00000)
 Metaspace       used 32746K, capacity 34680K, committed 34816K, reserved 1079296K
  class space    used 4366K, capacity 4746K, committed 4864K, reserved 1048576K
Event: 3.201 GC heap after
Heap after GC invocations=8 (full 1):
 PSYoungGen      total 121856K, used 8692K [0x00000000daf80000, 0x00000000e6100000, 0x0000000100000000)
  eden space 113152K, 0% used [0x00000000daf80000,0x00000000daf80000,0x00000000e1e00000)
  from space 8704K, 99% used [0x00000000e1e00000,0x00000000e267d080,0x00000000e2680000)
  to   space 12800K, 0% used [0x00000000e5480000,0x00000000e5480000,0x00000000e6100000)
 ParOldGen       total 49152K, used 13636K [0x0000000090e00000, 0x0000000093e00000, 0x00000000daf80000)
  object space 49152K, 27% used [0x0000000090e00000,0x0000000091b51138,0x0000000093e00000)
 Metaspace       used 32746K, capacity 34680K, committed 34816K, reserved 1079296K
  class space    used 4366K, capacity 4746K, committed 4864K, reserved 1048576K
}

Deoptimization events (0 events):
No events

Classes redefined (0 events):
No events

Internal exceptions (10 events):
Event: 3.063 Thread 0x000001e204e1b000 Exception <a 'java/lang/ArrayIndexOutOfBoundsException'> (0x00000000df78e3c0) thrown at [C:\jenkins\workspace\8-2-build-windows-amd64-cygwin\jdk8u291\1294\hotspot\src\share\vm\runtime\sharedRuntime.cpp, line 609]
Event: 3.063 Thread 0x000001e204e1b000 Exception <a 'java/lang/ArrayIndexOutOfBoundsException'> (0x00000000df791ed8) thrown at [C:\jenkins\workspace\8-2-build-windows-amd64-cygwin\jdk8u291\1294\hotspot\src\share\vm\runtime\sharedRuntime.cpp, line 609]
Event: 3.108 Thread 0x000001e204e1b000 Exception <a 'java/lang/ArrayIndexOutOfBoundsException'> (0x00000000dfbd43f0) thrown at [C:\jenkins\workspace\8-2-build-windows-amd64-cygwin\jdk8u291\1294\hotspot\src\share\vm\runtime\sharedRuntime.cpp, line 609]
Event: 3.109 Thread 0x000001e204e1b000 Exception <a 'java/lang/ArrayIndexOutOfBoundsException'> (0x00000000dfbdd368) thrown at [C:\jenkins\workspace\8-2-build-windows-amd64-cygwin\jdk8u291\1294\hotspot\src\share\vm\runtime\sharedRuntime.cpp, line 609]
Event: 3.109 Thread 0x000001e204e1b000 Exception <a 'java/lang/ArrayIndexOutOfBoundsException'> (0x00000000dfbdf078) thrown at [C:\jenkins\workspace\8-2-build-windows-amd64-cygwin\jdk8u291\1294\hotspot\src\share\vm\runtime\sharedRuntime.cpp, line 609]
Event: 3.109 Thread 0x000001e204e1b000 Exception <a 'java/lang/ArrayIndexOutOfBoundsException'> (0x00000000dfbe1320) thrown at [C:\jenkins\workspace\8-2-build-windows-amd64-cygwin\jdk8u291\1294\hotspot\src\share\vm\runtime\sharedRuntime.cpp, line 609]
Event: 3.109 Thread 0x000001e204e1b000 Exception <a 'java/lang/ArrayIndexOutOfBoundsException'> (0x00000000dfbe2be8) thrown at [C:\jenkins\workspace\8-2-build-windows-amd64-cygwin\jdk8u291\1294\hotspot\src\share\vm\runtime\sharedRuntime.cpp, line 609]
Event: 3.119 Thread 0x000001e204e1b000 Exception <a 'java/lang/ArrayIndexOutOfBoundsException'> (0x00000000e0026388) thrown at [C:\jenkins\workspace\8-2-build-windows-amd64-cygwin\jdk8u291\1294\hotspot\src\share\vm\runtime\sharedRuntime.cpp, line 609]
Event: 3.119 Thread 0x000001e204e1b000 Exception <a 'java/lang/ArrayIndexOutOfBoundsException'> (0x00000000e0028708) thrown at [C:\jenkins\workspace\8-2-build-windows-amd64-cygwin\jdk8u291\1294\hotspot\src\share\vm\runtime\sharedRuntime.cpp, line 609]
Event: 3.131 Thread 0x000001e204e1b000 Exception <a 'java/lang/ArrayIndexOutOfBoundsException'> (0x00000000e0041aa0) thrown at [C:\jenkins\workspace\8-2-build-windows-amd64-cygwin\jdk8u291\1294\hotspot\src\share\vm\runtime\sharedRuntime.cpp, line 609]

Events (10 events):
Event: 3.206 loading class org/hyperic/jni/ArchName
Event: 3.206 loading class org/hyperic/jni/ArchName done
Event: 3.206 loading class java/net/URLDecoder
Event: 3.206 loading class java/net/URLDecoder done
Event: 3.206 loading class java/net/URLEncoder
Event: 3.206 loading class java/net/URLEncoder done
Event: 3.210 loading class org/hyperic/sigar/Mem
Event: 3.210 loading class org/hyperic/sigar/Mem done
Event: 3.210 loading class org/hyperic/sigar/CpuInfo
Event: 3.210 loading class org/hyperic/sigar/CpuInfo done


Dynamic libraries:
0x00007ff6b31d0000 - 0x00007ff6b3217000 	D:\programfiles\jdk8\bin\java.exe
0x00007ffc280e0000 - 0x00007ffc282cd000 	C:\Windows\SYSTEM32\ntdll.dll
0x00007ffc254f0000 - 0x00007ffc255a3000 	C:\Windows\System32\KERNEL32.DLL
0x00007ffc24bf0000 - 0x00007ffc24e85000 	C:\Windows\System32\KERNELBASE.dll
0x00007ffc25b70000 - 0x00007ffc25c13000 	C:\Windows\System32\ADVAPI32.dll
0x00007ffc259b0000 - 0x00007ffc25a4e000 	C:\Windows\System32\msvcrt.dll
0x00007ffc25ad0000 - 0x00007ffc25b6e000 	C:\Windows\System32\sechost.dll
0x00007ffc25370000 - 0x00007ffc2548f000 	C:\Windows\System32\RPCRT4.dll
0x00007ffc27ee0000 - 0x00007ffc28077000 	C:\Windows\System32\USER32.dll
0x00007ffc250b0000 - 0x00007ffc250d0000 	C:\Windows\System32\win32u.dll
0x00007ffc28080000 - 0x00007ffc280a9000 	C:\Windows\System32\GDI32.dll
0x00007ffc25170000 - 0x00007ffc2530c000 	C:\Windows\System32\gdi32full.dll
0x00007ffc250d0000 - 0x00007ffc25170000 	C:\Windows\System32\msvcp_win.dll
0x00007ffc24f90000 - 0x00007ffc2508a000 	C:\Windows\System32\ucrtbase.dll
0x00007ffc13210000 - 0x00007ffc13489000 	C:\Windows\WinSxS\amd64_microsoft.windows.common-controls_6595b64144ccf1df_6.0.17763.1935_none_de70702c534c0c76\COMCTL32.dll
0x00007ffc27b50000 - 0x00007ffc27e7d000 	C:\Windows\System32\combase.dll
0x00007ffc24420000 - 0x00007ffc2449f000 	C:\Windows\System32\bcryptPrimitives.dll
0x00007ffc25cd0000 - 0x00007ffc25cfe000 	C:\Windows\System32\IMM32.DLL
0x00007ffc1e9e0000 - 0x00007ffc1e9f5000 	D:\programfiles\jdk8\jre\bin\vcruntime140.dll
0x00007ffc1b290000 - 0x00007ffc1b32b000 	D:\programfiles\jdk8\jre\bin\msvcp140.dll
0x0000000057ab0000 - 0x0000000058310000 	D:\programfiles\jdk8\jre\bin\server\jvm.dll
0x00007ffc25a50000 - 0x00007ffc25a58000 	C:\Windows\System32\PSAPI.DLL
0x00007ffc211e0000 - 0x00007ffc211e9000 	C:\Windows\SYSTEM32\WSOCK32.dll
0x00007ffc21070000 - 0x00007ffc21094000 	C:\Windows\SYSTEM32\WINMM.dll
0x00007ffc1f9e0000 - 0x00007ffc1f9ea000 	C:\Windows\SYSTEM32\VERSION.dll
0x00007ffc27730000 - 0x00007ffc2779d000 	C:\Windows\System32\WS2_32.dll
0x00007ffc21040000 - 0x00007ffc2106d000 	C:\Windows\SYSTEM32\WINMMBASE.dll
0x00007ffc24f40000 - 0x00007ffc24f8a000 	C:\Windows\System32\cfgmgr32.dll
0x00007ffc240f0000 - 0x00007ffc24101000 	C:\Windows\System32\kernel.appcore.dll
0x00007ffc1e940000 - 0x00007ffc1e950000 	D:\programfiles\jdk8\jre\bin\verify.dll
0x00007ffc1b190000 - 0x00007ffc1b1bb000 	D:\programfiles\jdk8\jre\bin\java.dll
0x00007ffc1b540000 - 0x00007ffc1b570000 	D:\programfiles\jdk8\jre\bin\instrument.dll
0x00007ffc1abd0000 - 0x00007ffc1abe8000 	D:\programfiles\jdk8\jre\bin\zip.dll
0x00007ffc26230000 - 0x00007ffc27729000 	C:\Windows\System32\SHELL32.dll
0x00007ffc277a0000 - 0x00007ffc27848000 	C:\Windows\System32\shcore.dll
0x00007ffc244a0000 - 0x00007ffc24beb000 	C:\Windows\System32\windows.storage.dll
0x00007ffc24110000 - 0x00007ffc24134000 	C:\Windows\System32\profapi.dll
0x00007ffc24140000 - 0x00007ffc2419d000 	C:\Windows\System32\powrprof.dll
0x00007ffc25a60000 - 0x00007ffc25ab2000 	C:\Windows\System32\shlwapi.dll
0x00007ffc25090000 - 0x00007ffc250a7000 	C:\Windows\System32\cryptsp.dll
0x00007ffc18e80000 - 0x00007ffc18e9c000 	D:\programfiles\jdk8\jre\bin\net.dll
0x00007ffc238b0000 - 0x00007ffc23917000 	C:\Windows\system32\mswsock.dll
0x00007ffc23610000 - 0x00007ffc236d6000 	C:\Windows\SYSTEM32\DNSAPI.dll
0x00007ffc25d00000 - 0x00007ffc25d08000 	C:\Windows\System32\NSI.dll
0x00007ffc235d0000 - 0x00007ffc2360d000 	C:\Windows\SYSTEM32\IPHLPAPI.DLL
0x00007ffc17e10000 - 0x00007ffc17e1a000 	C:\Windows\System32\rasadhlp.dll
0x00007ffc1a4e0000 - 0x00007ffc1a559000 	C:\Windows\System32\fwpuclnt.dll
0x00007ffc243f0000 - 0x00007ffc24416000 	C:\Windows\System32\bcrypt.dll
0x00007ffc1b530000 - 0x00007ffc1b53d000 	D:\programfiles\jdk8\jre\bin\management.dll
0x00007ffc17cb0000 - 0x00007ffc17cc3000 	D:\programfiles\jdk8\jre\bin\nio.dll
0x00007ffc23440000 - 0x00007ffc23473000 	C:\Windows\system32\rsaenh.dll
0x00007ffc23fd0000 - 0x00007ffc23ff9000 	C:\Windows\SYSTEM32\USERENV.dll
0x00007ffc23a80000 - 0x00007ffc23a8c000 	C:\Windows\SYSTEM32\CRYPTBASE.dll
0x00007ffc1a410000 - 0x00007ffc1a426000 	C:\Windows\SYSTEM32\dhcpcsvc6.DLL
0x00007ffc1a3f0000 - 0x00007ffc1a40c000 	C:\Windows\SYSTEM32\dhcpcsvc.DLL
0x00007ffc10e60000 - 0x00007ffc10e76000 	C:\Windows\system32\napinsp.dll
0x00007ffc10e40000 - 0x00007ffc10e5a000 	C:\Windows\system32\pnrpnsp.dll
0x00007ffc10e30000 - 0x00007ffc10e3e000 	C:\Windows\System32\winrnr.dll
0x00007ffc20bc0000 - 0x00007ffc20bdb000 	C:\Windows\system32\NLAapi.dll
0x00007ffc10e10000 - 0x00007ffc10e25000 	C:\Windows\system32\wshbth.dll
0x0000000010000000 - 0x0000000010070000 	C:\Windows\System32\sigar-amd64-winnt.dll
0x00007ffc25850000 - 0x00007ffc259a6000 	C:\Windows\System32\ole32.dll
0x00007ffc27a80000 - 0x00007ffc27b44000 	C:\Windows\System32\OLEAUT32.dll
0x00007ffc10d60000 - 0x00007ffc10dad000 	C:\Windows\SYSTEM32\pdh.dll
0x00007ffc0a030000 - 0x00007ffc0a047000 	C:\Windows\SYSTEM32\NETAPI32.dll
0x00007ffc236e0000 - 0x00007ffc236ee000 	C:\Windows\SYSTEM32\NETUTILS.DLL
0x00007ffc09ab0000 - 0x00007ffc09ad6000 	C:\Windows\SYSTEM32\SRVCLI.DLL
0x00007ffc227e0000 - 0x00007ffc229cd000 	C:\Windows\SYSTEM32\dbghelp.dll

VM Arguments:
jvm_args: -XX:CompileCommand=exclude,org/hibernate/cfg/annotations/SimpleValueBinder£¨setType -XX:TieredStopAtLevel=1 -Xverify:none -Dspring.output.ansi.enabled=always -Dcom.sun.management.jmxremote -Dspring.jmx.enabled=true -Dspring.liveBeansView.mbeanDomain -Dspring.application.admin.enabled=true -javaagent:E:\TangJiachang\IDEA2020\IDEA2020\idea 2019∆∆Ω‚∞Ê\lib\idea_rt.jar=10069:E:\TangJiachang\IDEA2020\IDEA2020\idea 2019∆∆Ω‚∞Ê\bin -Dfile.encoding=UTF-8 
java_command: com.managment.system.ManagmentSystemApplication
java_class_path (initial): D:\programfiles\jdk8\jre\lib\charsets.jar;D:\programfiles\jdk8\jre\lib\deploy.jar;D:\programfiles\jdk8\jre\lib\ext\access-bridge-64.jar;D:\programfiles\jdk8\jre\lib\ext\cldrdata.jar;D:\programfiles\jdk8\jre\lib\ext\dnsns.jar;D:\programfiles\jdk8\jre\lib\ext\jaccess.jar;D:\programfiles\jdk8\jre\lib\ext\jfxrt.jar;D:\programfiles\jdk8\jre\lib\ext\localedata.jar;D:\programfiles\jdk8\jre\lib\ext\nashorn.jar;D:\programfiles\jdk8\jre\lib\ext\sunec.jar;D:\programfiles\jdk8\jre\lib\ext\sunjce_provider.jar;D:\programfiles\jdk8\jre\lib\ext\sunmscapi.jar;D:\programfiles\jdk8\jre\lib\ext\sunpkcs11.jar;D:\programfiles\jdk8\jre\lib\ext\zipfs.jar;D:\programfiles\jdk8\jre\lib\javaws.jar;D:\programfiles\jdk8\jre\lib\jce.jar;D:\programfiles\jdk8\jre\lib\jfr.jar;D:\programfiles\jdk8\jre\lib\jfxswt.jar;D:\programfiles\jdk8\jre\lib\jsse.jar;D:\programfiles\jdk8\jre\lib\management-agent.jar;D:\programfiles\jdk8\jre\lib\plugin.jar;D:\programfiles\jdk8\jre\lib\resources.jar;D:\programfiles\jdk8\jre\lib\rt.jar;E:\TangJiachang\IDEACode\ManagmentSystem\target\classes;C:\Users\Wong\.m2\repository\org\fusesource\sigar\1.6.4\sigar-1.6.4.jar;C:\Users\Wong\.m2\repository\log4j\log4j\1.2.15\log4j-1.2.15.jar;C:\Users\Wong\.m2\repository\org\mybatis\spring\boot\mybatis-spring-boot-starter\1.3.2\mybatis-spring-boot-starter-1.3.2.jar;C:\Users\Wong\.m2\repository\org\springframework\boot\spring-boot-starter\2.3.7.RELEASE\spring-boot-starter-2.3.7.RELEASE.jar;C:\Users\Wong\.m2\repository\org\springframework\boot\spring-boot\2.3.7.RELEASE\spring-boot-2.3.7.RELEASE.jar;C:\Users\Wong\.m2\repository\org\springframework\boot\spring-boot-autoconfigure\2.3.7.RELEASE\spring-boot-autoconfigure-2.3.7.RELEASE.jar;C:\Users\Wong\.m2\repository\org\springframework\boot\spring-boot-starter-logging\2.3.7.RELEASE\spring-boot-starter-logging-2.3.7.RELEASE.jar;C:\Users\Wong\.m2\repository\ch\qos\logback\logback-classic\1.2.3\logback-classic-1.2.3.jar;C:\Users\Wong\.m2\repository\ch\qos\logback\l
Launcher Type: SUN_STANDARD

Environment Variables:
JAVA_HOME=D:\programfiles\jdk8
CLASSPATH= .;D:\programfiles\jdk8\lib;
PATH=C:\Program Files (x86)\Common Files\Oracle\Java\javapath;E:\TangJiachang\XShell6\Xshell6 Plus√‚∑—”¿æ√ ⁄»®∞Ê\;%Syste;Root%\system32;C:\Windows;C:\Windows\System32\Wbem;C:\Windows\System32\WindowsPowerShell\v1.0\;C:\Windows\System32\OpenSSH\;E:\TangJiachang\MySQL\bin;E:\TangJiachang\Hadoop\Hadoop\hadoop-2.7.7\bin;E:\TangJiachang\Hadoop\Hadoop\hadoop-2.7.7\sbin;"E:\TangJiachang\Hadoop\Hadoop\hadoop-2.7.7\bin\;E:\TangJiachang\Hadoop\Hadoop\hadoop-2.7.7\sbin\";E:\TangJiachang\Maven\apache-maven-3.6.3\\bin;E:\TangJiachang\XFTP7\;"C:\windows\system32;";C:\Users\Wong\AppData\Local\Programs\Python\Python37;E:\TangJiachang\NodeJS\;E:\TangJiachang\Git\Git\cmd;D:\programfiles\jdk8\jre\bin;D:\programfiles\jdk8\bin;C:\Users\Wong\AppData\Local\Microsoft\WindowsApps;C:\Program Files\Bandizip\;D:\Attlee Soft\PyCharm 2020.1\bin;;E:\TangJiachang\VSCode\Microsoft VS Code\bin;"E:\TangJiachang\Maven\apache-maven-3.6.3\\bin;";C:\windows\system32;C:\Users\Wong\AppData\Local\Programs\Python\Python37;C:\Users\Wong\AppData\Roaming\npm;"D:\programfiles\jdk8\bin;D:\programfiles\jdk8\jre\bin;";
USERNAME=Wong
OS=Windows_NT
PROCESSOR_IDENTIFIER=AMD64 Family 23 Model 24 Stepping 1, AuthenticAMD



---------------  S Y S T E M  ---------------

OS: Windows 10.0 , 64 bit Build 17763 (10.0.17763.1879)

CPU:total 8 (initial active 8) (8 cores per cpu, 1 threads per core) family 23 model 24 stepping 1, cmov, cx8, fxsr, mmx, sse, sse2, sse3, ssse3, sse4.1, sse4.2, popcnt, avx, avx2, aes, clmul, mmxext, 3dnowpref, lzcnt, sse4a, tsc, tscinvbit, tscinv, bmi1

Memory: 4k page, physical 7277196k(1398976k free), swap 15528308k(2687604k free)

vm_info: Java HotSpot(TM) 64-Bit Server VM (25.291-b10) for windows-amd64 JRE (1.8.0_291-b10), built on Apr  9 2021 00:02:00 by "java_re" with MS VC++ 15.9 (VS2017)

time: Fri Jun  4 23:54:47 2021
timezone: ?D1®≤°¿®∫°¡?®∫°¿??
elapsed time: 3.239113 seconds (0d 0h 0m 3s)

